<?xml version="1.0" encoding="UTF-8"?>
<!-- Generated by org.testng.reporters.JUnitReportReporter -->
<testsuite hostname="Deshan" failures="0" tests="1" name="com.tbm.SeleniumAutomation_6.NewTest" time="12.785" errors="0" timestamp="2021-09-22T16:20:18 IST" skipped="0">
  <testcase classname="com.tbm.SeleniumAutomation_6.NewTest" name="f" time="12.785"/>
  <system-out/>
</testsuite> <!-- com.tbm.SeleniumAutomation_6.NewTest -->
