<?xml version="1.0" encoding="UTF-8"?>
<!-- Generated by org.testng.reporters.JUnitReportReporter -->
<testsuite hostname="Deshan" failures="0" tests="2" name="com.tbm.automation.LoginTest" time="34.259" errors="0" timestamp="2021-09-23T12:48:57 IST" skipped="0">
  <testcase classname="com.tbm.automation.LoginTest" name="test1" time="13.333"/>
  <system-out/>
  <testcase classname="com.tbm.automation.LoginTest" name="test2" time="20.926"/>
  <system-out/>
</testsuite> <!-- com.tbm.automation.LoginTest -->
